<?xml version="1.0" encoding="UTF-8"?>
<testsuite xmlns:xsi="http://www.w3.org/2001/XMLSchema-instance" xsi:noNamespaceSchemaLocation="https://maven.apache.org/surefire/maven-surefire-plugin/xsd/surefire-test-report-3.0.xsd" version="3.0" name="edu.yu.cs.com3800.stage5.Stage5Test" time="167.287" tests="1" errors="0" skipped="0" failures="0">
  <properties>
[...]
</properties>
  <testcase name="Stage5Demo" classname="edu.yu.cs.com3800.stage5.Stage5Test" time="167.27">
    <system-out><![CDATA[compiled?
compiled?
compiled?
compiled?
compiled?
compiled?
compiled?
compiled?
before clients are created
after clients are created
leaders printed
before message sent
after message sent
before message sent
after message sent
before message sent
after message sent
before message sent
after message sent
before message sent
after message sent
before message sent
after message sent
before message sent
after message sent
before message sent
after message sent
before message sent
after message sent
messages sent
response code = 200
response code = 200
response code = 200
response code = 200
response code = 200
response code = 200
response code = 200
response code = 200
response code = 200
Response to request 0:
Hello world! from code version 0

Response to request 1:
Hello world! from code version 1

Response to request 2:
Hello world! from code version 2

Response to request 3:
Hello world! from code version 3

Response to request 4:
Hello world! from code version 4

Response to request 5:
Hello world! from code version 5

Response to request 6:
Hello world! from code version 6

Response to request 7:
Hello world! from code version 7

Response to request 8:
Hello world! from code version 8


RIP Server on port 8030 whose ID is 2
oh captain my captain!!
before message sent
after message sent
before message sent
after message sent
before message sent
after message sent
before message sent
after message sent
before message sent
after message sent
before message sent
after message sent
before message sent
after message sent
before message sent
after message sent
before message sent
after message sent
response code = 200
response code = 200
response code = 200
response code = 200
response code = 200
response code = 200
response code = 200
response code = 200
response code = 200
Response to request 0:
Hello world! from code version 0

Response to request 1:
Hello world! from code version 1

Response to request 2:
Hello world! from code version 2

Response to request 3:
Hello world! from code version 3

Response to request 4:
Hello world! from code version 4

Response to request 5:
Hello world! from code version 5

Response to request 6:
Hello world! from code version 6

Response to request 7:
Hello world! from code version 7

Response to request 8:
Hello world! from code version 8


stopping servers
]]></system-out>
  </testcase>
</testsuite>